<?xml version="1.0" encoding="UTF-8"?>
<coverage generated="1732596193298" clover="3.2.0">
  <project timestamp="1732596193298" name="All files">
    <metrics statements="59" coveredstatements="25" conditionals="6" coveredconditionals="3" methods="7" coveredmethods="2" elements="72" coveredelements="30" complexity="0" loc="59" ncloc="59" packages="2" files="3" classes="3"/>
    <package name="controllers">
      <metrics statements="55" coveredstatements="21" conditionals="4" coveredconditionals="1" methods="7" coveredmethods="2"/>
      <file name="cartController.js" path="C:\Users\ederd\Documents\Unibague\DEVOPS\ArtesanosOnlineDevops\backend\controllers\cartController.js">
        <metrics statements="30" coveredstatements="12" conditionals="4" coveredconditionals="1" methods="3" coveredmethods="1"/>
        <line num="1" count="1" type="stmt"/>
        <line num="4" count="1" type="stmt"/>
        <line num="5" count="1" type="stmt"/>
        <line num="6" count="1" type="stmt"/>
        <line num="7" count="1" type="stmt"/>
        <line num="8" count="1" type="cond" truecount="1" falsecount="1"/>
        <line num="9" count="1" type="stmt"/>
        <line num="11" count="0" type="stmt"/>
        <line num="13" count="1" type="stmt"/>
        <line num="14" count="1" type="stmt"/>
        <line num="16" count="0" type="stmt"/>
        <line num="17" count="0" type="stmt"/>
        <line num="22" count="1" type="stmt"/>
        <line num="23" count="0" type="stmt"/>
        <line num="24" count="0" type="stmt"/>
        <line num="25" count="0" type="stmt"/>
        <line num="26" count="0" type="cond" truecount="0" falsecount="2"/>
        <line num="27" count="0" type="stmt"/>
        <line num="29" count="0" type="stmt"/>
        <line num="30" count="0" type="stmt"/>
        <line num="32" count="0" type="stmt"/>
        <line num="33" count="0" type="stmt"/>
        <line num="38" count="1" type="stmt"/>
        <line num="39" count="0" type="stmt"/>
        <line num="40" count="0" type="stmt"/>
        <line num="41" count="0" type="stmt"/>
        <line num="42" count="0" type="stmt"/>
        <line num="44" count="0" type="stmt"/>
        <line num="45" count="0" type="stmt"/>
        <line num="49" count="1" type="stmt"/>
      </file>
      <file name="foodController.js" path="C:\Users\ederd\Documents\Unibague\DEVOPS\ArtesanosOnlineDevops\backend\controllers\foodController.js">
        <metrics statements="25" coveredstatements="9" conditionals="0" coveredconditionals="0" methods="4" coveredmethods="1"/>
        <line num="1" count="1" type="stmt"/>
        <line num="2" count="1" type="stmt"/>
        <line num="5" count="1" type="stmt"/>
        <line num="6" count="1" type="stmt"/>
        <line num="7" count="1" type="stmt"/>
        <line num="8" count="1" type="stmt"/>
        <line num="10" count="0" type="stmt"/>
        <line num="11" count="0" type="stmt"/>
        <line num="16" count="1" type="stmt"/>
        <line num="17" count="0" type="stmt"/>
        <line num="18" count="0" type="stmt"/>
        <line num="20" count="0" type="stmt"/>
        <line num="28" count="0" type="stmt"/>
        <line num="29" count="0" type="stmt"/>
        <line num="31" count="0" type="stmt"/>
        <line num="32" count="0" type="stmt"/>
        <line num="37" count="1" type="stmt"/>
        <line num="38" count="0" type="stmt"/>
        <line num="39" count="0" type="stmt"/>
        <line num="40" count="0" type="stmt"/>
        <line num="42" count="0" type="stmt"/>
        <line num="43" count="0" type="stmt"/>
        <line num="45" count="0" type="stmt"/>
        <line num="46" count="0" type="stmt"/>
        <line num="50" count="1" type="stmt"/>
      </file>
    </package>
    <package name="models">
      <metrics statements="4" coveredstatements="4" conditionals="2" coveredconditionals="2" methods="0" coveredmethods="0"/>
      <file name="userModel.js" path="C:\Users\ederd\Documents\Unibague\DEVOPS\ArtesanosOnlineDevops\backend\models\userModel.js">
        <metrics statements="4" coveredstatements="4" conditionals="2" coveredconditionals="2" methods="0" coveredmethods="0"/>
        <line num="1" count="1" type="stmt"/>
        <line num="3" count="1" type="stmt"/>
        <line num="10" count="1" type="cond" truecount="2" falsecount="0"/>
        <line num="11" count="1" type="stmt"/>
      </file>
    </package>
  </project>
</coverage>
