{"C:\\Users\\ederd\\Documents\\Unibague\\DEVOPS\\ArtesanosOnlineDevops\\backend\\controllers\\cartController.js": {"path":"C:\\Users\\ederd\\Documents\\Unibague\\DEVOPS\\ArtesanosOnlineDevops\\backend\\controllers\\cartController.js","statementMap":{"0":{"start":{"line":1,"column":18},"end":{"line":1,"column":48}},"1":{"start":{"line":4,"column":18},"end":{"line":19,"column":1}},"2":{"start":{"line":5,"column":3},"end":{"line":18,"column":4}},"3":{"start":{"line":6,"column":21},"end":{"line":6,"column":70}},"4":{"start":{"line":7,"column":21},"end":{"line":7,"column":44}},"5":{"start":{"line":8,"column":6},"end":{"line":12,"column":7}},"6":{"start":{"line":9,"column":9},"end":{"line":9,"column":39}},"7":{"start":{"line":11,"column":9},"end":{"line":11,"column":40}},"8":{"start":{"line":13,"column":6},"end":{"line":13,"column":71}},"9":{"start":{"line":14,"column":6},"end":{"line":14,"column":60}},"10":{"start":{"line":16,"column":6},"end":{"line":16,"column":25}},"11":{"start":{"line":17,"column":6},"end":{"line":17,"column":53}},"12":{"start":{"line":22,"column":23},"end":{"line":35,"column":1}},"13":{"start":{"line":23,"column":3},"end":{"line":34,"column":4}},"14":{"start":{"line":24,"column":21},"end":{"line":24,"column":62}},"15":{"start":{"line":25,"column":21},"end":{"line":25,"column":44}},"16":{"start":{"line":26,"column":6},"end":{"line":28,"column":7}},"17":{"start":{"line":27,"column":9},"end":{"line":27,"column":40}},"18":{"start":{"line":29,"column":6},"end":{"line":29,"column":71}},"19":{"start":{"line":30,"column":6},"end":{"line":30,"column":64}},"20":{"start":{"line":32,"column":6},"end":{"line":32,"column":25}},"21":{"start":{"line":33,"column":6},"end":{"line":33,"column":53}},"22":{"start":{"line":38,"column":16},"end":{"line":47,"column":1}},"23":{"start":{"line":39,"column":3},"end":{"line":46,"column":4}},"24":{"start":{"line":40,"column":21},"end":{"line":40,"column":62}},"25":{"start":{"line":41,"column":21},"end":{"line":41,"column":44}},"26":{"start":{"line":42,"column":6},"end":{"line":42,"column":54}},"27":{"start":{"line":44,"column":6},"end":{"line":44,"column":25}},"28":{"start":{"line":45,"column":6},"end":{"line":45,"column":53}},"29":{"start":{"line":49,"column":0},"end":{"line":49,"column":56}}},"fnMap":{"0":{"name":"(anonymous_0)","decl":{"start":{"line":4,"column":18},"end":{"line":4,"column":19}},"loc":{"start":{"line":4,"column":38},"end":{"line":19,"column":1}},"line":4},"1":{"name":"(anonymous_1)","decl":{"start":{"line":22,"column":23},"end":{"line":22,"column":24}},"loc":{"start":{"line":22,"column":43},"end":{"line":35,"column":1}},"line":22},"2":{"name":"(anonymous_2)","decl":{"start":{"line":38,"column":16},"end":{"line":38,"column":17}},"loc":{"start":{"line":38,"column":36},"end":{"line":47,"column":1}},"line":38}},"branchMap":{"0":{"loc":{"start":{"line":8,"column":6},"end":{"line":12,"column":7}},"type":"if","locations":[{"start":{"line":8,"column":6},"end":{"line":12,"column":7}},{"start":{"line":10,"column":13},"end":{"line":12,"column":7}}],"line":8},"1":{"loc":{"start":{"line":26,"column":6},"end":{"line":28,"column":7}},"type":"if","locations":[{"start":{"line":26,"column":6},"end":{"line":28,"column":7}},{"start":{},"end":{}}],"line":26}},"s":{"0":1,"1":1,"2":1,"3":1,"4":1,"5":1,"6":1,"7":0,"8":1,"9":1,"10":0,"11":0,"12":1,"13":0,"14":0,"15":0,"16":0,"17":0,"18":0,"19":0,"20":0,"21":0,"22":1,"23":0,"24":0,"25":0,"26":0,"27":0,"28":0,"29":1},"f":{"0":1,"1":0,"2":0},"b":{"0":[1,0],"1":[0,0]},"_coverageSchema":"1a1c01bbd47fc00a2c39e90264f33305004495a9","hash":"38b58d8d8f4dc9fa856fc06afe492cc21503eb3e"}
,"C:\\Users\\ederd\\Documents\\Unibague\\DEVOPS\\ArtesanosOnlineDevops\\backend\\controllers\\foodController.js": {"path":"C:\\Users\\ederd\\Documents\\Unibague\\DEVOPS\\ArtesanosOnlineDevops\\backend\\controllers\\foodController.js","statementMap":{"0":{"start":{"line":1,"column":18},"end":{"line":1,"column":48}},"1":{"start":{"line":2,"column":11},"end":{"line":2,"column":24}},"2":{"start":{"line":5,"column":17},"end":{"line":13,"column":1}},"3":{"start":{"line":6,"column":4},"end":{"line":12,"column":5}},"4":{"start":{"line":7,"column":22},"end":{"line":7,"column":46}},"5":{"start":{"line":8,"column":8},"end":{"line":8,"column":49}},"6":{"start":{"line":10,"column":8},"end":{"line":10,"column":27}},"7":{"start":{"line":11,"column":8},"end":{"line":11,"column":55}},"8":{"start":{"line":16,"column":16},"end":{"line":34,"column":1}},"9":{"start":{"line":17,"column":4},"end":{"line":33,"column":5}},"10":{"start":{"line":18,"column":29},"end":{"line":18,"column":51}},"11":{"start":{"line":20,"column":21},"end":{"line":26,"column":10}},"12":{"start":{"line":28,"column":8},"end":{"line":28,"column":26}},"13":{"start":{"line":29,"column":8},"end":{"line":29,"column":61}},"14":{"start":{"line":31,"column":8},"end":{"line":31,"column":27}},"15":{"start":{"line":32,"column":8},"end":{"line":32,"column":55}},"16":{"start":{"line":37,"column":19},"end":{"line":48,"column":1}},"17":{"start":{"line":38,"column":4},"end":{"line":47,"column":5}},"18":{"start":{"line":39,"column":21},"end":{"line":39,"column":58}},"19":{"start":{"line":40,"column":8},"end":{"line":40,"column":53}},"20":{"start":{"line":42,"column":8},"end":{"line":42,"column":55}},"21":{"start":{"line":43,"column":8},"end":{"line":43,"column":63}},"22":{"start":{"line":45,"column":8},"end":{"line":45,"column":27}},"23":{"start":{"line":46,"column":8},"end":{"line":46,"column":55}},"24":{"start":{"line":50,"column":0},"end":{"line":50,"column":51}}},"fnMap":{"0":{"name":"(anonymous_0)","decl":{"start":{"line":5,"column":17},"end":{"line":5,"column":18}},"loc":{"start":{"line":5,"column":37},"end":{"line":13,"column":1}},"line":5},"1":{"name":"(anonymous_1)","decl":{"start":{"line":16,"column":16},"end":{"line":16,"column":17}},"loc":{"start":{"line":16,"column":36},"end":{"line":34,"column":1}},"line":16},"2":{"name":"(anonymous_2)","decl":{"start":{"line":37,"column":19},"end":{"line":37,"column":20}},"loc":{"start":{"line":37,"column":39},"end":{"line":48,"column":1}},"line":37},"3":{"name":"(anonymous_3)","decl":{"start":{"line":40,"column":43},"end":{"line":40,"column":44}},"loc":{"start":{"line":40,"column":49},"end":{"line":40,"column":51}},"line":40}},"branchMap":{},"s":{"0":1,"1":1,"2":1,"3":1,"4":1,"5":1,"6":0,"7":0,"8":1,"9":0,"10":0,"11":0,"12":0,"13":0,"14":0,"15":0,"16":1,"17":0,"18":0,"19":0,"20":0,"21":0,"22":0,"23":0,"24":1},"f":{"0":1,"1":0,"2":0,"3":0},"b":{},"_coverageSchema":"1a1c01bbd47fc00a2c39e90264f33305004495a9","hash":"6732695f6a36dbf5ed1145960a9aa1e968c4415e"}
,"C:\\Users\\ederd\\Documents\\Unibague\\DEVOPS\\ArtesanosOnlineDevops\\backend\\models\\userModel.js": {"path":"C:\\Users\\ederd\\Documents\\Unibague\\DEVOPS\\ArtesanosOnlineDevops\\backend\\models\\userModel.js","statementMap":{"0":{"start":{"line":1,"column":17},"end":{"line":1,"column":36}},"1":{"start":{"line":3,"column":19},"end":{"line":8,"column":23}},"2":{"start":{"line":10,"column":18},"end":{"line":10,"column":76}},"3":{"start":{"line":11,"column":0},"end":{"line":11,"column":27}}},"fnMap":{},"branchMap":{"0":{"loc":{"start":{"line":10,"column":18},"end":{"line":10,"column":76}},"type":"binary-expr","locations":[{"start":{"line":10,"column":18},"end":{"line":10,"column":38}},{"start":{"line":10,"column":42},"end":{"line":10,"column":76}}],"line":10}},"s":{"0":1,"1":1,"2":1,"3":1},"f":{},"b":{"0":[1,1]},"_coverageSchema":"1a1c01bbd47fc00a2c39e90264f33305004495a9","hash":"58a48f69e4ef5ea790bdc607458261009bbf58cc"}
}
